[90m[14:30:12][39m [33m[Warning][39m Attempting to connect to the Discord bot... (1)
[90m[14:30:13][39m [34m[Info][39m Loaded new application command: slashcommand-reload.js
[90m[14:30:13][39m [34m[Info][39m Loaded new application command: usercontext-userinfo.js
[90m[14:30:13][39m [34m[Info][39m Loaded new application command: closecase.js
[90m[14:30:14][39m [34m[Info][39m Loaded new application command: createcase.js
[90m[14:30:14][39m [34m[Info][39m Loaded new application command: ping.js
[90m[14:30:14][39m [32m[OK][39m Successfully loaded 5 application commands and 0 message commands.
[90m[14:30:14][39m [34m[Info][39m Loaded new component (type: autocomplete) : example-autocomplete.js
[90m[14:30:14][39m [34m[Info][39m Loaded new component (type: button) : button.js
[90m[14:30:14][39m [34m[Info][39m Loaded new component (type: button) : example-button.js
[90m[14:30:14][39m [34m[Info][39m Loaded new component (type: modal) : example-modal.js
[90m[14:30:14][39m [34m[Info][39m Loaded new component (type: modal) : modal.js
[90m[14:30:14][39m [34m[Info][39m Loaded new component (type: select) : example-menu.js
[90m[14:30:14][39m [32m[OK][39m Successfully loaded 6 components.
[90m[14:30:14][39m [34m[Info][39m Loaded new event: onReady.js
[90m[14:30:14][39m [34m[Info][39m Loaded new event: onRoleUpdate.js
[90m[14:30:14][39m [32m[OK][39m Successfully loaded 2 events.
[90m[14:30:14][39m [33m[Warning][39m Attempting to register application commands... (this might take a while!)
[90m[14:30:14][39m [32m[OK][39m ✅ Ingelogd als (RE) Politie#2870, duurde 1.724s.
[90m[14:30:14][39m [32m[OK][39m Successfully registered application commands. For specific guild? Yes
[90m[14:30:14][39m [32m[OK][39m ✅ Embed succesvol geüpdatet.
